<?xml version="1.0" encoding="UTF-8"?>
<!-- Generated by org.testng.reporters.JUnitReportReporter -->
<testsuite skipped="0" hostname="Sophies-MacBook-Pro.local" name="MyPackage.NewTest" tests="1" failures="0" timestamp="04 May 2018 00:55:33 GMT" time="20.228" errors="0">
  <testcase name="Test" time="20.228" classname="MyPackage.NewTest"/>
</testsuite> <!-- MyPackage.NewTest -->
